Starting SDN Video Quality Orchestrator (SDN-VQO)...
VQAM endpoint: http://localhost:8080
SDN controller: http://localhost:8181
Updating network topology...
Fetching QoE metrics from VQAM...
Fetching network state from VQAM...
Optimizing video delivery...
Updating network topology...
Fetching QoE metrics from VQAM...
Fetching network state from VQAM...
Optimizing video delivery...
Updating network topology...
Fetching QoE metrics from VQAM...
Fetching network state from VQAM...
Optimizing video delivery...
Updating network topology...
Fetching QoE metrics from VQAM...
Fetching network state from VQAM...
Optimizing video delivery...
Updating network topology...
Fetching QoE metrics from VQAM...
Fetching network state from VQAM...
Optimizing video delivery...
Updating network topology...
Fetching QoE metrics from VQAM...
Fetching network state from VQAM...
Optimizing video delivery...
Updating network topology...
Fetching QoE metrics from VQAM...
Fetching network state from VQAM...
Optimizing video delivery...
Updating network topology...
Fetching QoE metrics from VQAM...
Fetching network state from VQAM...
Optimizing video delivery...
Updating network topology...
Fetching QoE metrics from VQAM...
Fetching network state from VQAM...
Optimizing video delivery...
Updating network topology...
Fetching QoE metrics from VQAM...
Fetching network state from VQAM...
Optimizing video delivery...
Updating network topology...
Fetching QoE metrics from VQAM...
Fetching network state from VQAM...
Optimizing video delivery...
Updating network topology...
Fetching QoE metrics from VQAM...
Fetching network state from VQAM...
Optimizing video delivery...
Updating network topology...
Fetching QoE metrics from VQAM...
Fetching network state from VQAM...
Optimizing video delivery...
Updating network topology...
Fetching QoE metrics from VQAM...
Fetching network state from VQAM...
Optimizing video delivery...
Updating network topology...
Fetching QoE metrics from VQAM...
Fetching network state from VQAM...
Optimizing video delivery...
Updating network topology...
Fetching QoE metrics from VQAM...
Fetching network state from VQAM...
Optimizing video delivery...
Updating network topology...
Fetching QoE metrics from VQAM...
Fetching network state from VQAM...
Optimizing video delivery...
Updating network topology...
Fetching QoE metrics from VQAM...
Fetching network state from VQAM...
Optimizing video delivery...
Updating network topology...
Fetching QoE metrics from VQAM...
Fetching network state from VQAM...
Optimizing video delivery...
Updating network topology...
Fetching QoE metrics from VQAM...
Fetching network state from VQAM...
Optimizing video delivery...
Updating network topology...
Fetching QoE metrics from VQAM...
Fetching network state from VQAM...
Optimizing video delivery...
Updating network topology...
Fetching QoE metrics from VQAM...
Fetching network state from VQAM...
Optimizing video delivery...
Updating network topology...
Fetching QoE metrics from VQAM...
Fetching network state from VQAM...
Optimizing video delivery...
Updating network topology...
Fetching QoE metrics from VQAM...
Fetching network state from VQAM...
Optimizing video delivery...
Updating network topology...
Fetching QoE metrics from VQAM...
Fetching network state from VQAM...
Optimizing video delivery...
Updating network topology...
Fetching QoE metrics from VQAM...
Fetching network state from VQAM...
Optimizing video delivery...
Updating network topology...
Fetching QoE metrics from VQAM...
Fetching network state from VQAM...
Optimizing video delivery...
Updating network topology...
Fetching QoE metrics from VQAM...
Fetching network state from VQAM...
Optimizing video delivery...
Updating network topology...
Fetching QoE metrics from VQAM...
Fetching network state from VQAM...
Optimizing video delivery...
Updating network topology...
Fetching QoE metrics from VQAM...
Fetching network state from VQAM...
Optimizing video delivery...
Updating network topology...
Fetching QoE metrics from VQAM...
Fetching network state from VQAM...
Optimizing video delivery...
Updating network topology...
Fetching QoE metrics from VQAM...
Fetching network state from VQAM...
Optimizing video delivery...
Updating network topology...
Fetching QoE metrics from VQAM...
Fetching network state from VQAM...
Optimizing video delivery...
Updating network topology...
Fetching QoE metrics from VQAM...
Fetching network state from VQAM...
Optimizing video delivery...
Updating network topology...
Fetching QoE metrics from VQAM...
Fetching network state from VQAM...
Optimizing video delivery...
Updating network topology...
Fetching QoE metrics from VQAM...
Fetching network state from VQAM...
Optimizing video delivery...
Updating network topology...
Fetching QoE metrics from VQAM...
Fetching network state from VQAM...
Optimizing video delivery...
Updating network topology...
Fetching QoE metrics from VQAM...
Fetching network state from VQAM...
Optimizing video delivery...
Updating network topology...
Fetching QoE metrics from VQAM...
Fetching network state from VQAM...
Optimizing video delivery...
Updating network topology...
Fetching QoE metrics from VQAM...
Fetching network state from VQAM...
Optimizing video delivery...
Updating network topology...
Fetching QoE metrics from VQAM...
Fetching network state from VQAM...
Optimizing video delivery...
Updating network topology...
Fetching QoE metrics from VQAM...
Fetching network state from VQAM...
Optimizing video delivery...
Updating network topology...
Fetching QoE metrics from VQAM...
Fetching network state from VQAM...
Optimizing video delivery...
Updating network topology...
Fetching QoE metrics from VQAM...
Fetching network state from VQAM...
Optimizing video delivery...
Updating network topology...
Fetching QoE metrics from VQAM...
Fetching network state from VQAM...
Optimizing video delivery...
Updating network topology...
Fetching QoE metrics from VQAM...
Fetching network state from VQAM...
Optimizing video delivery...
Updating network topology...
Fetching QoE metrics from VQAM...
Fetching network state from VQAM...
Optimizing video delivery...
Updating network topology...
Fetching QoE metrics from VQAM...
Fetching network state from VQAM...
Optimizing video delivery...
Updating network topology...
Fetching QoE metrics from VQAM...
Fetching network state from VQAM...
Optimizing video delivery...
Updating network topology...
Fetching QoE metrics from VQAM...
Fetching network state from VQAM...
Optimizing video delivery...
Updating network topology...
Fetching QoE metrics from VQAM...
Fetching network state from VQAM...
Optimizing video delivery...
Updating network topology...
Fetching QoE metrics from VQAM...
Fetching network state from VQAM...
Optimizing video delivery...
Updating network topology...
Fetching QoE metrics from VQAM...
Fetching network state from VQAM...
Optimizing video delivery...
Updating network topology...
Fetching QoE metrics from VQAM...
Fetching network state from VQAM...
Optimizing video delivery...
Updating network topology...
Fetching QoE metrics from VQAM...
Fetching network state from VQAM...
Optimizing video delivery...
Updating network topology...
Fetching QoE metrics from VQAM...
Fetching network state from VQAM...
Optimizing video delivery...
Updating network topology...
Fetching QoE metrics from VQAM...
Fetching network state from VQAM...
Optimizing video delivery...
Updating network topology...
Fetching QoE metrics from VQAM...
Fetching network state from VQAM...
Optimizing video delivery...
Updating network topology...
Fetching QoE metrics from VQAM...
Fetching network state from VQAM...
Optimizing video delivery...
Updating network topology...
Fetching QoE metrics from VQAM...
Fetching network state from VQAM...
Optimizing video delivery...
Updating network topology...
Fetching QoE metrics from VQAM...
Fetching network state from VQAM...
Optimizing video delivery...
Updating network topology...
Fetching QoE metrics from VQAM...
Fetching network state from VQAM...
Optimizing video delivery...
Updating network topology...
Fetching QoE metrics from VQAM...
Fetching network state from VQAM...
Optimizing video delivery...
Updating network topology...
Fetching QoE metrics from VQAM...
Fetching network state from VQAM...
Optimizing video delivery...
Stopping SDN-VQO...
